<?xml version="1.0" encoding="UTF-8"?>
<!-- Generated by org.testng.reporters.JUnitXMLReporter -->
<testsuite ignored="0" hostname="DESKTOP-PFFNGO4" failures="0" tests="5" name="Dollar Days Test" time="173.189" errors="0" timestamp="2021-01-06T16:44:57 EST">
  <testcase classname="com.dollardays.testcases.orderHistoryTestcase" name="TC_01_orderHistory" time="33.87"/>
  <testcase classname="com.dollardays.testcases.orderHistoryTestcase" name="TC_02_orderHistory" time="12.833"/>
  <testcase classname="com.dollardays.testcases.orderHistoryTestcase" name="TC_03_orderHistory" time="27.794"/>
  <testcase classname="com.dollardays.testcases.orderHistoryTestcase" name="TC_04_orderHistory" time="16.058"/>
  <testcase classname="com.dollardays.testcases.orderHistoryTestcase" name="TC_05_orderHistory" time="29.219"/>
</testsuite> <!-- Dollar Days Test -->
