<?xml version="1.0" encoding="UTF-8"?>
<testng-results ignored="0" total="5" passed="5" failed="0" skipped="0">
  <reporter-output>
  </reporter-output>
  <suite started-at="2021-01-06T16:42:04 EST" name="Suite" finished-at="2021-01-06T16:44:57 EST" duration-ms="173189">
    <groups>
    </groups>
    <test started-at="2021-01-06T16:42:04 EST" name="Dollar Days Test" finished-at="2021-01-06T16:44:57 EST" duration-ms="173189">
      <class name="com.dollardays.testcases.orderHistoryTestcase">
        <test-method is-config="true" signature="beforeClass()[pri:0, instance:com.dollardays.testcases.orderHistoryTestcase@682b2fa]" started-at="2021-01-06T16:42:04 EST" name="beforeClass" finished-at="2021-01-06T16:42:04 EST" duration-ms="17" status="PASS">
          <reporter-output>
          </reporter-output>
        </test-method> <!-- beforeClass -->
        <test-method is-config="true" signature="setUpBrowser()[pri:0, instance:com.dollardays.testcases.orderHistoryTestcase@682b2fa]" started-at="2021-01-06T16:42:05 EST" name="setUpBrowser" finished-at="2021-01-06T16:42:14 EST" duration-ms="9383" status="PASS">
          <reporter-output>
          </reporter-output>
        </test-method> <!-- setUpBrowser -->
        <test-method signature="TC_01_orderHistory(java.util.Hashtable)[pri:0, instance:com.dollardays.testcases.orderHistoryTestcase@682b2fa]" started-at="2021-01-06T16:42:14 EST" name="TC_01_orderHistory" data-provider="dd-dataprovider" finished-at="2021-01-06T16:42:48 EST" duration-ms="33870" status="PASS">
          <params>
            <param index="0">
              <value>
                <![CDATA[{TestCase=Valid Login Credentials
 and click on Order History page, Start Date=, TCID=TC1, SheetName=Sheet2, Runmode=Yes, UserName=srikanthtesting100@gmail.com, Password=cGFzc3dvcmQxMjM=, End Date=, =}]]>
              </value>
            </param>
          </params>
          <reporter-output>
          </reporter-output>
        </test-method> <!-- TC_01_orderHistory -->
        <test-method is-config="true" signature="quit()[pri:0, instance:com.dollardays.testcases.orderHistoryTestcase@682b2fa]" started-at="2021-01-06T16:42:48 EST" name="quit" finished-at="2021-01-06T16:42:49 EST" duration-ms="952" status="PASS">
          <reporter-output>
          </reporter-output>
        </test-method> <!-- quit -->
        <test-method is-config="true" signature="setUpBrowser()[pri:0, instance:com.dollardays.testcases.orderHistoryTestcase@682b2fa]" started-at="2021-01-06T16:42:49 EST" name="setUpBrowser" finished-at="2021-01-06T16:42:59 EST" duration-ms="9951" status="PASS">
          <reporter-output>
          </reporter-output>
        </test-method> <!-- setUpBrowser -->
        <test-method signature="TC_02_orderHistory(java.util.Hashtable)[pri:0, instance:com.dollardays.testcases.orderHistoryTestcase@682b2fa]" started-at="2021-01-06T16:42:59 EST" name="TC_02_orderHistory" data-provider="dd-dataprovider" finished-at="2021-01-06T16:43:12 EST" duration-ms="12833" status="PASS">
          <params>
            <param index="0">
              <value>
                <![CDATA[{TestCase=Enter Start date and End date in the field, Start Date=44168.0, TCID=TC2, SheetName=Sheet2, Runmode=Yes, UserName=srikanthtesting100@gmail.com, Password=cGFzc3dvcmQxMjM=, End Date=44185.0, =}]]>
              </value>
            </param>
          </params>
          <reporter-output>
          </reporter-output>
        </test-method> <!-- TC_02_orderHistory -->
        <test-method is-config="true" signature="quit()[pri:0, instance:com.dollardays.testcases.orderHistoryTestcase@682b2fa]" started-at="2021-01-06T16:43:12 EST" name="quit" finished-at="2021-01-06T16:43:12 EST" duration-ms="915" status="PASS">
          <reporter-output>
          </reporter-output>
        </test-method> <!-- quit -->
        <test-method is-config="true" signature="setUpBrowser()[pri:0, instance:com.dollardays.testcases.orderHistoryTestcase@682b2fa]" started-at="2021-01-06T16:43:13 EST" name="setUpBrowser" finished-at="2021-01-06T16:43:22 EST" duration-ms="9452" status="PASS">
          <reporter-output>
          </reporter-output>
        </test-method> <!-- setUpBrowser -->
        <test-method signature="TC_03_orderHistory(java.util.Hashtable)[pri:0, instance:com.dollardays.testcases.orderHistoryTestcase@682b2fa]" started-at="2021-01-06T16:43:22 EST" name="TC_03_orderHistory" data-provider="dd-dataprovider" finished-at="2021-01-06T16:43:50 EST" duration-ms="27794" status="PASS">
          <params>
            <param index="0">
              <value>
                <![CDATA[{TestCase=Enter Start date and End date in the field, Start Date=44168.0, TCID=TC2, SheetName=Sheet2, Runmode=Yes, UserName=srikanthtesting100@gmail.com, Password=cGFzc3dvcmQxMjM=, End Date=44185.0, =}]]>
              </value>
            </param>
          </params>
          <reporter-output>
          </reporter-output>
        </test-method> <!-- TC_03_orderHistory -->
        <test-method is-config="true" signature="quit()[pri:0, instance:com.dollardays.testcases.orderHistoryTestcase@682b2fa]" started-at="2021-01-06T16:43:50 EST" name="quit" finished-at="2021-01-06T16:43:51 EST" duration-ms="916" status="PASS">
          <reporter-output>
          </reporter-output>
        </test-method> <!-- quit -->
        <test-method is-config="true" signature="setUpBrowser()[pri:0, instance:com.dollardays.testcases.orderHistoryTestcase@682b2fa]" started-at="2021-01-06T16:43:51 EST" name="setUpBrowser" finished-at="2021-01-06T16:44:00 EST" duration-ms="9454" status="PASS">
          <reporter-output>
          </reporter-output>
        </test-method> <!-- setUpBrowser -->
        <test-method signature="TC_04_orderHistory(java.util.Hashtable)[pri:0, instance:com.dollardays.testcases.orderHistoryTestcase@682b2fa]" started-at="2021-01-06T16:44:00 EST" name="TC_04_orderHistory" data-provider="dd-dataprovider" finished-at="2021-01-06T16:44:16 EST" duration-ms="16058" status="PASS">
          <params>
            <param index="0">
              <value>
                <![CDATA[{TestCase=Enter Start date and End date in the field, Start Date=44168.0, TCID=TC2, SheetName=Sheet2, Runmode=Yes, UserName=srikanthtesting100@gmail.com, Password=cGFzc3dvcmQxMjM=, End Date=44185.0, =}]]>
              </value>
            </param>
          </params>
          <reporter-output>
          </reporter-output>
        </test-method> <!-- TC_04_orderHistory -->
        <test-method is-config="true" signature="quit()[pri:0, instance:com.dollardays.testcases.orderHistoryTestcase@682b2fa]" started-at="2021-01-06T16:44:16 EST" name="quit" finished-at="2021-01-06T16:44:17 EST" duration-ms="904" status="PASS">
          <reporter-output>
          </reporter-output>
        </test-method> <!-- quit -->
        <test-method is-config="true" signature="setUpBrowser()[pri:0, instance:com.dollardays.testcases.orderHistoryTestcase@682b2fa]" started-at="2021-01-06T16:44:17 EST" name="setUpBrowser" finished-at="2021-01-06T16:44:27 EST" duration-ms="9752" status="PASS">
          <reporter-output>
          </reporter-output>
        </test-method> <!-- setUpBrowser -->
        <test-method signature="TC_05_orderHistory(java.util.Hashtable)[pri:0, instance:com.dollardays.testcases.orderHistoryTestcase@682b2fa]" started-at="2021-01-06T16:44:27 EST" name="TC_05_orderHistory" data-provider="dd-dataprovider" finished-at="2021-01-06T16:44:56 EST" duration-ms="29219" status="PASS">
          <params>
            <param index="0">
              <value>
                <![CDATA[{TestCase=Enter Start date and End date in the field, Start Date=44168.0, TCID=TC2, SheetName=Sheet2, Runmode=Yes, UserName=srikanthtesting100@gmail.com, Password=cGFzc3dvcmQxMjM=, End Date=44185.0, =}]]>
              </value>
            </param>
          </params>
          <reporter-output>
          </reporter-output>
        </test-method> <!-- TC_05_orderHistory -->
        <test-method is-config="true" signature="quit()[pri:0, instance:com.dollardays.testcases.orderHistoryTestcase@682b2fa]" started-at="2021-01-06T16:44:56 EST" name="quit" finished-at="2021-01-06T16:44:57 EST" duration-ms="933" status="PASS">
          <reporter-output>
          </reporter-output>
        </test-method> <!-- quit -->
        <test-method is-config="true" signature="afterClass()[pri:0, instance:com.dollardays.testcases.orderHistoryTestcase@682b2fa]" started-at="2021-01-06T16:44:57 EST" name="afterClass" finished-at="2021-01-06T16:44:57 EST" duration-ms="1" status="PASS">
          <reporter-output>
          </reporter-output>
        </test-method> <!-- afterClass -->
      </class> <!-- com.dollardays.testcases.orderHistoryTestcase -->
    </test> <!-- Dollar Days Test -->
  </suite> <!-- Suite -->
</testng-results>
